Running: C:\Xilinx2\14.7\ISE_DS\ISE\bin\nt64\unwrapped\fuse.exe -intstyle ise -incremental -o C:/Course/ExampleAlarm/tb_TOP_isim_par.exe -prj C:/Course/ExampleAlarm/tb_TOP_par.prj work.tb_TOP 
ISim P.20131013 (signature 0x7708f090)
Number of CPUs detected in this system: 2
Turning on mult-threading, number of parallel sub-compilation jobs: 4 
Determining compilation order of HDL files
Parsing VHDL file "C:/Course/ExampleAlarm/netgen/par/TOP_timesim.vhd" into library work
Parsing VHDL file "C:/Course/ExampleAlarm/tb_TOP.vhd" into library work
Starting static elaboration
Completed static elaboration
Compiling package standard
Compiling package std_logic_1164
Compiling package textio
Compiling package vital_timing
Compiling package vcomponents
Compiling package vital_primitives
Compiling package vpackage
Compiling architecture x_buf_v of entity X_BUF [\X_BUF(true,true,"UNPLACED",(0,0...]
Compiling architecture x_obuf_v of entity X_OBUF [\X_OBUF(true,true,"DONT_CARE",12...]
Compiling architecture x_dcm_sp_clock_divide_by_2_v of entity x_dcm_sp_clock_divide_by_2 [x_dcm_sp_clock_divide_by_2_defau...]
Compiling architecture x_dcm_sp_maximum_period_check_v of entity x_dcm_sp_maximum_period_check [\x_dcm_sp_maximum_period_check("...]
Compiling architecture x_dcm_sp_maximum_period_check_v of entity x_dcm_sp_maximum_period_check [\x_dcm_sp_maximum_period_check("...]
Compiling architecture x_dcm_sp_clock_lost_v of entity x_dcm_sp_clock_lost [x_dcm_sp_clock_lost_default]
Compiling architecture x_dcm_sp_v of entity X_DCM_SP [\X_DCM_SP(true,"*",true,false,"U...]
Compiling architecture x_bufgmux_v of entity X_BUFGMUX [\X_BUFGMUX(true,"*",true,false,"...]
Compiling architecture x_inv_v of entity X_INV [\X_INV(true,true,"BUFGMUX_X2Y11"...]
Compiling architecture x_mux2_v of entity X_MUX2 [\X_MUX2(true,true,"UNPLACED",(0,...]
Compiling architecture x_lut4_v of entity X_LUT4 [\X_LUT4(true,true,"UNPLACED",(0,...]
Compiling architecture x_sff_v of entity X_SFF [\X_SFF(true,true,true,"UNPLACED"...]
Compiling architecture x_zero_v of entity X_ZERO [\X_ZERO("UNPLACED")(1,8)\]
Compiling architecture x_one_v of entity X_ONE [\X_ONE("UNPLACED")(1,8)\]
Compiling architecture x_roc_v of entity X_ROC [\X_ROC("UNPLACED",100000,"*")(1,...]
Compiling architecture x_toc_v of entity X_TOC [\X_TOC("UNPLACED",0,"*")(1,8,1,1...]
Compiling architecture structure of entity TOP [top_default]
Compiling architecture behavior of entity tb_top
Time Resolution for simulation is 1ps.
Waiting for 21 sub-compilation(s) to finish...
Compiled 226 VHDL Units
Built simulation executable C:/Course/ExampleAlarm/tb_TOP_isim_par.exe
Fuse Memory Usage: 78664 KB
Fuse CPU Usage: 2655 ms
